[debug] [2022-06-02T10:22:22.498Z] ----------------------------------------------------------------------
[debug] [2022-06-02T10:22:22.499Z] Command:       /usr/local/bin/node /usr/local/bin/firebase init
[debug] [2022-06-02T10:22:22.499Z] CLI Version:   11.0.1
[debug] [2022-06-02T10:22:22.499Z] Platform:      darwin
[debug] [2022-06-02T10:22:22.500Z] Node Version:  v16.13.2
[debug] [2022-06-02T10:22:22.502Z] Time:          Thu Jun 02 2022 15:52:22 GMT+0530 (India Standard Time)
[debug] [2022-06-02T10:22:22.502Z] ----------------------------------------------------------------------
[debug] 
[debug] [2022-06-02T10:22:22.507Z] > command requires scopes: ["email","openid","https://www.googleapis.com/auth/cloudplatformprojects.readonly","https://www.googleapis.com/auth/firebase","https://www.googleapis.com/auth/cloud-platform"]
[debug] [2022-06-02T10:22:22.507Z] > authorizing via signed-in user (sudhanshutomar007@gmail.com)
[info] 
     ######## #### ########  ######## ########     ###     ######  ########
     ##        ##  ##     ## ##       ##     ##  ##   ##  ##       ##
     ######    ##  ########  ######   ########  #########  ######  ######
     ##        ##  ##    ##  ##       ##     ## ##     ##       ## ##
     ##       #### ##     ## ######## ########  ##     ##  ######  ########

You're about to initialize a Firebase project in this directory:

  /Users/deepak/Documents/Coding/WebDevelopment/netflix-clone

[debug] [2022-06-02T10:24:12.409Z] ----------------------------------------------------------------------
[debug] [2022-06-02T10:24:12.410Z] Command:       /usr/local/bin/node /usr/local/bin/firebase init
[debug] [2022-06-02T10:24:12.411Z] CLI Version:   11.0.1
[debug] [2022-06-02T10:24:12.411Z] Platform:      darwin
[debug] [2022-06-02T10:24:12.411Z] Node Version:  v16.13.2
[debug] [2022-06-02T10:24:12.412Z] Time:          Thu Jun 02 2022 15:54:12 GMT+0530 (India Standard Time)
[debug] [2022-06-02T10:24:12.412Z] ----------------------------------------------------------------------
[debug] 
[debug] [2022-06-02T10:24:12.416Z] > command requires scopes: ["email","openid","https://www.googleapis.com/auth/cloudplatformprojects.readonly","https://www.googleapis.com/auth/firebase","https://www.googleapis.com/auth/cloud-platform"]
[debug] [2022-06-02T10:24:12.417Z] > authorizing via signed-in user (sudhanshutomar007@gmail.com)
[info] 
     ######## #### ########  ######## ########     ###     ######  ########
     ##        ##  ##     ## ##       ##     ##  ##   ##  ##       ##
     ######    ##  ########  ######   ########  #########  ######  ######
     ##        ##  ##    ##  ##       ##     ## ##     ##       ## ##
     ##       #### ##     ## ######## ########  ##     ##  ######  ########

You're about to initialize a Firebase project in this directory:

  /Users/deepak/Documents/Coding/WebDevelopment/netflix-clone

[info] 
=== Project Setup
[info] 
[info] First, let's associate this project directory with a Firebase project.
[info] You can create multiple project aliases by running firebase use --add, 
[info] but for now we'll just set up a default project.
[info] 
[debug] [2022-06-02T10:24:59.199Z] >>> [apiv2][query] GET https://firebase.googleapis.com/v1beta1/projects pageSize=100
[debug] [2022-06-02T10:25:29.202Z] Timeout reached making request to https://firebase.googleapis.com/v1beta1/projects?pageSize=100
[debug] [2022-06-02T10:25:35.353Z] ----------------------------------------------------------------------
[debug] [2022-06-02T10:25:35.354Z] Command:       /usr/local/bin/node /usr/local/bin/firebase init
[debug] [2022-06-02T10:25:35.355Z] CLI Version:   11.0.1
[debug] [2022-06-02T10:25:35.355Z] Platform:      darwin
[debug] [2022-06-02T10:25:35.355Z] Node Version:  v16.13.2
[debug] [2022-06-02T10:25:35.356Z] Time:          Thu Jun 02 2022 15:55:35 GMT+0530 (India Standard Time)
[debug] [2022-06-02T10:25:35.356Z] ----------------------------------------------------------------------
[debug] 
[debug] [2022-06-02T10:25:35.360Z] > command requires scopes: ["email","openid","https://www.googleapis.com/auth/cloudplatformprojects.readonly","https://www.googleapis.com/auth/firebase","https://www.googleapis.com/auth/cloud-platform"]
[debug] [2022-06-02T10:25:35.361Z] > authorizing via signed-in user (sudhanshutomar007@gmail.com)
[info] 
     ######## #### ########  ######## ########     ###     ######  ########
     ##        ##  ##     ## ##       ##     ##  ##   ##  ##       ##
     ######    ##  ########  ######   ########  #########  ######  ######
     ##        ##  ##    ##  ##       ##     ## ##     ##       ## ##
     ##       #### ##     ## ######## ########  ##     ##  ######  ########

You're about to initialize a Firebase project in this directory:

  /Users/deepak/Documents/Coding/WebDevelopment/netflix-clone

[info] 
=== Project Setup
[info] 
[info] First, let's associate this project directory with a Firebase project.
[info] You can create multiple project aliases by running firebase use --add, 
[info] but for now we'll just set up a default project.
[info] 
[debug] [2022-06-02T10:25:44.711Z] >>> [apiv2][query] GET https://firebase.googleapis.com/v1beta1/projects pageSize=100
[debug] [2022-06-02T10:25:45.611Z] <<< [apiv2][status] GET https://firebase.googleapis.com/v1beta1/projects 200
[debug] [2022-06-02T10:25:45.611Z] <<< [apiv2][body] GET https://firebase.googleapis.com/v1beta1/projects [omitted]
[info] i  Using project netflix-clone-28f36 (netflix-clone) 
[info] 
=== Hosting Setup
[info] 
[info] Your public directory is the folder (relative to your project directory) that
[info] will contain Hosting assets to be uploaded with firebase deploy. If you
[info] have a build process for your assets, use your build's output directory.
[info] 
[debug] [2022-06-02T10:27:35.130Z] >>> [apiv2][query] GET https://www.gstatic.com/firebasejs/releases.json [none]
[debug] [2022-06-02T10:27:35.337Z] <<< [apiv2][status] GET https://www.gstatic.com/firebasejs/releases.json 200
[debug] [2022-06-02T10:27:35.337Z] <<< [apiv2][body] GET https://www.gstatic.com/firebasejs/releases.json {"current":{"version":"9.8.2","browserURL":"https://www.gstatic.com/firebasejs/9.8.2/firebase.js","packageURL":"https://www.gstatic.com/firebasejs/9.8.2/firebase.tgz"},"live":{"version":"9.8","browserURL":"https://www.gstatic.com/firebasejs/live/9.8/firebase.js","packageURL":"https://www.gstatic.com/firebasejs/live/9.8/firebase.tgz"},"components":{"analytics":"https://www.gstatic.com/firebasejs/9.8.2/firebase-analytics.js","app":"https://www.gstatic.com/firebasejs/9.8.2/firebase-app.js","app-check":"https://www.gstatic.com/firebasejs/9.8.2/firebase-app-check.js","auth":"https://www.gstatic.com/firebasejs/9.8.2/firebase-auth.js","auth/cordova":"https://www.gstatic.com/firebasejs/9.8.2/firebase-auth/cordova.js","auth/react-native":"https://www.gstatic.com/firebasejs/9.8.2/firebase-auth/react-native.js","functions":"https://www.gstatic.com/firebasejs/9.8.2/firebase-functions.js","firestore":"https://www.gstatic.com/firebasejs/9.8.2/firebase-firestore.js","firestore/lite":"https://www.gstatic.com/firebasejs/9.8.2/firebase-firestore/lite.js","storage":"https://www.gstatic.com/firebasejs/9.8.2/firebase-storage.js","performance":"https://www.gstatic.com/firebasejs/9.8.2/firebase-performance.js","remote-config":"https://www.gstatic.com/firebasejs/9.8.2/firebase-remote-config.js","messaging":"https://www.gstatic.com/firebasejs/9.8.2/firebase-messaging.js","messaging/sw":"https://www.gstatic.com/firebasejs/9.8.2/firebase-messaging/sw.js","database":"https://www.gstatic.com/firebasejs/9.8.2/firebase-database.js","firestore.memory":"https://www.gstatic.com/firebasejs/9.8.2/firebase-firestore.memory.js"}}
[info] ✔  Wrote build/index.html 
[info] 
[info] i  Detected a .git folder at /Users/deepak/Documents/Coding/WebDevelopment/netflix-clone 
[info] i  Authorizing with GitHub to upload your service account to a GitHub repository's secrets store. 
[info] 
[info] Visit this URL on this device to log in:
[info] https://github.com/login/oauth/authorize?client_id=89cf50f02ac6aaed3484&state=414991112&redirect_uri=http%3A%2F%2Flocalhost%3A9005&scope=read%3Auser%20repo%20public_repo
[info] 
[info] Waiting for authentication...
[debug] [2022-06-02T10:28:30.443Z] >>> HTTP REQUEST POST https://github.com/login/oauth/access_token  
 {"client_id":"89cf50f02ac6aaed3484","client_secret":"3330d14abc895d9a74d5f17cd7a00711fa2c5bf0","code":"8188d7e0182f42606b04","redirect_uri":"http://localhost:9005","state":"414991112"}
[debug] [2022-06-02T10:29:05.995Z] <<< HTTP RESPONSE 200 {"server":"GitHub.com","date":"Thu, 02 Jun 2022 10:29:05 GMT","content-type":"application/json; charset=utf-8","transfer-encoding":"chunked","vary":"X-PJAX, X-PJAX-Container, Turbo-Visit, Turbo-Frame, Accept-Encoding, Accept, X-Requested-With","permissions-policy":"interest-cohort=()","etag":"W/\"3689cbd1de9b5e1170c95e5354987fa8\"","cache-control":"max-age=0, private, must-revalidate","strict-transport-security":"max-age=31536000; includeSubdomains; preload","x-frame-options":"deny","x-content-type-options":"nosniff","x-xss-protection":"0","referrer-policy":"origin-when-cross-origin, strict-origin-when-cross-origin","expect-ct":"max-age=2592000, report-uri=\"https://api.github.com/_private/browser/errors\"","content-security-policy":"default-src 'none'; base-uri 'self'; block-all-mixed-content; child-src github.com/assets-cdn/worker/ gist.github.com/assets-cdn/worker/; connect-src 'self' uploads.github.com objects-origin.githubusercontent.com www.githubstatus.com collector.github.com raw.githubusercontent.com api.github.com github-cloud.s3.amazonaws.com github-production-repository-file-5c1aeb.s3.amazonaws.com github-production-upload-manifest-file-7fdce7.s3.amazonaws.com github-production-user-asset-6210df.s3.amazonaws.com cdn.optimizely.com logx.optimizely.com/v1/events *.actions.githubusercontent.com wss://*.actions.githubusercontent.com online.visualstudio.com/api/v1/locations github-production-repository-image-32fea6.s3.amazonaws.com github-production-release-asset-2e65be.s3.amazonaws.com insights.github.com wss://alive.github.com; font-src github.githubassets.com; form-action 'self' github.com gist.github.com objects-origin.githubusercontent.com; frame-ancestors 'none'; frame-src render.githubusercontent.com viewscreen.githubusercontent.com notebooks.githubusercontent.com; img-src 'self' data: github.githubassets.com identicons.github.com github-cloud.s3.amazonaws.com secured-user-images.githubusercontent.com/ github-production-user-asset-6210df.s3.amazonaws.com *.githubusercontent.com; manifest-src 'self'; media-src github.com user-images.githubusercontent.com/; script-src github.githubassets.com; style-src 'unsafe-inline' github.githubassets.com; worker-src github.com/assets-cdn/worker/ gist.github.com/assets-cdn/worker/","x-github-request-id":"ECC8:35BD:708D0E:8ECA27:629890F1"}
[debug] [2022-06-02T10:29:06.004Z] >>> [apiv2][query] GET https://api.github.com/user [none]
[debug] [2022-06-02T10:29:06.368Z] <<< [apiv2][status] GET https://api.github.com/user 200
[debug] [2022-06-02T10:29:06.368Z] <<< [apiv2][body] GET https://api.github.com/user {"login":"SudhanshuTomar","id":76549125,"node_id":"MDQ6VXNlcjc2NTQ5MTI1","avatar_url":"https://avatars.githubusercontent.com/u/76549125?v=4","gravatar_id":"","url":"https://api.github.com/users/SudhanshuTomar","html_url":"https://github.com/SudhanshuTomar","followers_url":"https://api.github.com/users/SudhanshuTomar/followers","following_url":"https://api.github.com/users/SudhanshuTomar/following{/other_user}","gists_url":"https://api.github.com/users/SudhanshuTomar/gists{/gist_id}","starred_url":"https://api.github.com/users/SudhanshuTomar/starred{/owner}{/repo}","subscriptions_url":"https://api.github.com/users/SudhanshuTomar/subscriptions","organizations_url":"https://api.github.com/users/SudhanshuTomar/orgs","repos_url":"https://api.github.com/users/SudhanshuTomar/repos","events_url":"https://api.github.com/users/SudhanshuTomar/events{/privacy}","received_events_url":"https://api.github.com/users/SudhanshuTomar/received_events","type":"User","site_admin":false,"name":"Sudhanshu Tomar","company":null,"blog":"","location":null,"email":null,"hireable":null,"bio":"Student At Army Institute Of Technology","twitter_username":null,"public_repos":13,"public_gists":0,"followers":0,"following":1,"created_at":"2020-12-24T06:29:06Z","updated_at":"2022-04-29T14:58:46Z","private_gists":0,"total_private_repos":1,"owned_private_repos":1,"disk_usage":10078,"collaborators":0,"two_factor_authentication":false,"plan":{"name":"pro","space":976562499,"collaborators":0,"private_repos":9999}}
[info] 
[info] ✔  Success! Logged into GitHub as SudhanshuTomar 
[info] 
